<?xml version="1.0" encoding="UTF-8"?>
<!-- Generated by org.testng.reporters.JUnitReportReporter -->
<testsuite skipped="0" hostname="LAPTOP-D4SH1TUS" name="HandlingAlerts.HandleWindow_Testcase1" tests="1" failures="0" timestamp="20 Jan 2021 01:58:43 GMT" time="19.860" errors="0">
  <testcase name="testWindow" time="19.860" classname="HandlingAlerts.HandleWindow_Testcase1"/>
</testsuite> <!-- HandlingAlerts.HandleWindow_Testcase1 -->
