<?xml version="1.0" encoding="UTF-8"?>
<!-- Generated by org.testng.reporters.JUnitReportReporter -->
<testsuite skipped="0" hostname="LAPTOP-D4SH1TUS" name="HandlingAlerts.HandlingWindows" tests="1" failures="0" timestamp="13 Jan 2021 02:01:21 GMT" time="14.886" errors="0">
  <testcase name="windowHandling" time="14.886" classname="HandlingAlerts.HandlingWindows"/>
</testsuite> <!-- HandlingAlerts.HandlingWindows -->
