<?xml version="1.0" encoding="UTF-8"?>
<!-- Generated by org.testng.reporters.JUnitReportReporter -->
<testsuite skipped="0" hostname="LAPTOP-D4SH1TUS" name="Testcases.She_Jobs_testcase1" tests="1" failures="0" timestamp="22 Jan 2021 00:37:29 GMT" time="13.494" errors="0">
  <testcase name="testWindow" time="13.494" classname="Testcases.She_Jobs_testcase1"/>
</testsuite> <!-- Testcases.She_Jobs_testcase1 -->
