<?xml version="1.0" encoding="UTF-8"?>
<!-- Generated by org.testng.reporters.JUnitReportReporter -->
<testsuite skipped="0" hostname="LAPTOP-D4SH1TUS" name="HandlingAlerts.HandleModal_Testcase1" tests="1" failures="0" timestamp="20 Jan 2021 02:13:20 GMT" time="15.807" errors="0">
  <testcase name="testWindow" time="15.807" classname="HandlingAlerts.HandleModal_Testcase1"/>
</testsuite> <!-- HandlingAlerts.HandleModal_Testcase1 -->
