<?xml version="1.0" encoding="UTF-8"?>
<!-- Generated by org.testng.reporters.JUnitReportReporter -->
<testsuite skipped="0" hostname="LAPTOP-D4SH1TUS" name="Actions_Package.HandlingFrame_test1" tests="1" failures="0" timestamp="16 Jan 2021 02:26:16 GMT" time="12.466" errors="0">
  <testcase name="frameHandling" time="12.466" classname="Actions_Package.HandlingFrame_test1"/>
</testsuite> <!-- Actions_Package.HandlingFrame_test1 -->
