<?xml version="1.0" encoding="UTF-8"?>
<!-- Generated by org.testng.reporters.JUnitReportReporter -->
<testsuite skipped="0" hostname="LAPTOP-D4SH1TUS" name="HandlingAlerts.HandlingModal" tests="1" failures="0" timestamp="13 Jan 2021 02:37:45 GMT" time="15.452" errors="0">
  <testcase name="alertHandling" time="15.452" classname="HandlingAlerts.HandlingModal"/>
</testsuite> <!-- HandlingAlerts.HandlingModal -->
