<?xml version="1.0" encoding="UTF-8"?>
<!-- Generated by org.testng.reporters.JUnitReportReporter -->
<testsuite skipped="0" hostname="LAPTOP-D4SH1TUS" name="HandlingAlerts.HandlingFrame_test1" tests="1" failures="0" timestamp="13 Jan 2021 01:47:27 GMT" time="12.888" errors="0">
  <testcase name="frameHandling" time="12.888" classname="HandlingAlerts.HandlingFrame_test1"/>
</testsuite> <!-- HandlingAlerts.HandlingFrame_test1 -->
