<?xml version="1.0" encoding="UTF-8"?>
<!-- Generated by org.testng.reporters.JUnitReportReporter -->
<testsuite skipped="0" hostname="LAPTOP-D4SH1TUS" name="TestNG_Framework.Sample1" tests="2" failures="0" timestamp="12 Jan 2021 01:08:09 GMT" time="36.329" errors="0">
  <testcase name="test1" time="15.120" classname="TestNG_Framework.Sample1"/>
  <testcase name="test1" time="21.209" classname="TestNG_Framework.Sample1"/>
</testsuite> <!-- TestNG_Framework.Sample1 -->
