<?xml version="1.0" encoding="UTF-8"?>
<!-- Generated by org.testng.reporters.JUnitReportReporter -->
<testsuite skipped="0" hostname="LAPTOP-D4SH1TUS" name="Testcases.SheJobs_testcase1" tests="1" failures="0" timestamp="29 Jan 2021 22:56:55 GMT" time="22.924" errors="0">
  <testcase name="sheJobsHomePage" time="22.924" classname="Testcases.SheJobs_testcase1"/>
</testsuite> <!-- Testcases.SheJobs_testcase1 -->
