<?xml version="1.0" encoding="UTF-8"?>
<!-- Generated by org.testng.reporters.JUnitReportReporter -->
<testsuite skipped="0" hostname="LAPTOP-D4SH1TUS" name="HandlingAlerts.JavaSCriptExecutor_testcase" tests="1" failures="0" timestamp="21 Jan 2021 02:03:41 GMT" time="48.967" errors="0">
  <testcase name="test" time="48.967" classname="HandlingAlerts.JavaSCriptExecutor_testcase"/>
</testsuite> <!-- HandlingAlerts.JavaSCriptExecutor_testcase -->
