<?xml version="1.0" encoding="UTF-8"?>
<!-- Generated by org.testng.reporters.JUnitReportReporter -->
<testsuite skipped="0" hostname="LAPTOP-D4SH1TUS" name="TestNG_Framework.TestNG_test1" tests="1" failures="0" timestamp="12 Jan 2021 00:07:47 GMT" time="0.017" errors="0">
  <testcase name="method1" time="0.017" classname="TestNG_Framework.TestNG_test1"/>
</testsuite> <!-- TestNG_Framework.TestNG_test1 -->
