<?xml version="1.0" encoding="UTF-8"?>
<!-- Generated by org.testng.reporters.JUnitReportReporter -->
<testsuite skipped="0" hostname="LAPTOP-D4SH1TUS" name="TestNG_Framework.Sample3" tests="3" failures="0" timestamp="09 Jan 2021 01:47:23 GMT" time="41.436" errors="0">
  <testcase name="testSheJobs" time="12.862" classname="TestNG_Framework.Sample3"/>
  <testcase name="testSheJobs" time="16.128" classname="TestNG_Framework.Sample3"/>
  <testcase name="testSheJobs" time="12.446" classname="TestNG_Framework.Sample3"/>
</testsuite> <!-- TestNG_Framework.Sample3 -->
