<?xml version="1.0" encoding="UTF-8"?>
<!-- Generated by org.testng.reporters.JUnitReportReporter -->
<testsuite skipped="0" hostname="LAPTOP-D4SH1TUS" name="TestNG_Framework.TestNG_test2" tests="2" failures="0" timestamp="09 Jan 2021 01:14:27 GMT" time="0.004" errors="0">
  <testcase name="method10" time="0.002" classname="TestNG_Framework.TestNG_test2"/>
  <testcase name="method20" time="0.002" classname="TestNG_Framework.TestNG_test2"/>
</testsuite> <!-- TestNG_Framework.TestNG_test2 -->
