<?xml version="1.0" encoding="UTF-8"?>
<!-- Generated by org.testng.reporters.JUnitReportReporter -->
<testsuite skipped="0" hostname="LAPTOP-D4SH1TUS" name="HandlingAlerts.HandleAlert_test1" tests="1" failures="0" timestamp="21 Jan 2021 01:39:20 GMT" time="15.908" errors="0">
  <testcase name="alertHandling" time="15.908" classname="HandlingAlerts.HandleAlert_test1"/>
</testsuite> <!-- HandlingAlerts.HandleAlert_test1 -->
