<?xml version="1.0" encoding="UTF-8"?>
<!-- Generated by org.testng.reporters.JUnitReportReporter -->
<testsuite skipped="0" hostname="LAPTOP-D4SH1TUS" name="Testcases.SheJobs_testcase2" tests="2" failures="0" timestamp="02 Feb 2021 02:17:16 GMT" time="48.171" errors="0">
  <testcase name="sheJobsHomePage" time="22.181" classname="Testcases.SheJobs_testcase2"/>
  <testcase name="sheJobsHomePage" time="25.990" classname="Testcases.SheJobs_testcase2"/>
</testsuite> <!-- Testcases.SheJobs_testcase2 -->
