<?xml version="1.0" encoding="UTF-8"?>
<!-- Generated by org.testng.reporters.JUnitReportReporter -->
<testsuite skipped="0" hostname="LAPTOP-D4SH1TUS" name="TestNG_Framework.TestNg_Parameters" tests="1" failures="0" timestamp="08 Jan 2021 20:59:07 GMT" time="0.014" errors="0">
  <testcase name="readParam" time="0.014" classname="TestNG_Framework.TestNg_Parameters"/>
</testsuite> <!-- TestNG_Framework.TestNg_Parameters -->
